info it worked if it ends with ok
verbose cli [ '/home/cloud9/c9/support/node-c9-builds/bin/node-sunos-v0.6.8-security',
verbose cli   '/mnt/ws/users/$sn/sniperumm/npm/bin/npm-cli.js',
verbose cli   'install',
verbose cli   'express' ]
info using npm@1.0.106
info using node@v0.6.8
verbose config file /home/cloud9/.npmrc
verbose config file /home/cloud9/c9/support/node-c9-builds/etc/npmrc
verbose config file /mnt/ws/users/$sn/sniperumm/npm/npmrc
verbose into /mnt/ws/users/$sn/sniperumm/158992 [ 'express' ]
verbose cache add express
verbose cache add [ 'express', null ]
silly cache add: name, spec, args [ undefined, 'express', [ 'express', null ] ]
verbose parsed url { pathname: 'express', path: 'express', href: 'express' }
info addNamed [ 'express', '' ]
verbose addNamed [ null, '' ]
verbose GET express
verbose raw, before any munging express
verbose url resolving [ 'https://registry.npmjs.org/', './express' ]
verbose url resolved https://registry.npmjs.org/express
verbose etag "5VSXNB976KX9KAZUUOV90EK0I"
silly get cb [ 304,
silly get cb   { server: 'CouchDB/1.2.0 (Erlang OTP/R15B)',
silly get cb     etag: '"5VSXNB976KX9KAZUUOV90EK0I"',
silly get cb     date: 'Wed, 21 Mar 2012 22:58:35 GMT',
silly get cb     'content-length': '0' } ]
verbose etag express from cache
verbose GET express/2.5.8
verbose raw, before any munging express/2.5.8
verbose url resolving [ 'https://registry.npmjs.org/', './express/2.5.8' ]
verbose url resolved https://registry.npmjs.org/express/2.5.8
verbose etag "5VSXNB976KX9KAZUUOV90EK0I"
silly get cb [ 304,
silly get cb   { server: 'CouchDB/1.2.0 (Erlang OTP/R15B)',
silly get cb     etag: '"5VSXNB976KX9KAZUUOV90EK0I"',
silly get cb     date: 'Wed, 21 Mar 2012 22:58:36 GMT',
silly get cb     'content-length': '0' } ]
verbose etag express/2.5.8 from cache
verbose bin dist [ '0.6-ares1.7.5-DEV-evundefined-openssl0.9.8o-v83.6.6.19-sunos-ia32-5.11',
verbose bin dist   { shasum: 'f166b55d4e8c6d2307ef88ad1768209613f7452a',
verbose bin dist     tarball: 'http://registry.npmjs.org/express/-/express-2.5.8.tgz' } ]
silly testEngine { name: 'express',
silly testEngine   description: 'Sinatra inspired web development framework',
silly testEngine   version: '2.5.8',
silly testEngine   author: { name: 'TJ Holowaychuk', email: 'tj@vision-media.ca' },
silly testEngine   contributors: 
silly testEngine    [ { name: 'TJ Holowaychuk', email: 'tj@vision-media.ca' },
silly testEngine      { name: 'Aaron Heckmann',
silly testEngine        email: 'aaron.heckmann+github@gmail.com' },
silly testEngine      { name: 'Ciaran Jessup', email: 'ciaranj@gmail.com' },
silly testEngine      { name: 'Guillermo Rauch', email: 'rauchg@gmail.com' } ],
silly testEngine   dependencies: { connect: '1.x', mime: '1.2.4', qs: '0.4.x', mkdirp: '0.3.0' },
silly testEngine   devDependencies: 
silly testEngine    { 'connect-form': '0.2.1',
silly testEngine      ejs: '0.4.2',
silly testEngine      expresso: '0.9.2',
silly testEngine      hamljs: '0.6.x',
silly testEngine      jade: '0.16.2',
silly testEngine      stylus: '0.13.0',
silly testEngine      should: '0.3.2',
silly testEngine      'express-messages': '0.0.2',
silly testEngine      'node-markdown': '>= 0.0.1',
silly testEngine      'connect-redis': '>= 0.0.1' },
silly testEngine   keywords: [ 'framework', 'sinatra', 'web', 'rest', 'restful' ],
silly testEngine   repository: { type: 'git', url: 'git://github.com/visionmedia/express.git' },
silly testEngine   main: 'index',
silly testEngine   bin: { express: './bin/express' },
silly testEngine   scripts: { test: 'make test', prepublish: 'npm prune' },
silly testEngine   engines: { node: '>= 0.4.1 < 0.7.0' },
silly testEngine   _id: 'express@2.5.8',
silly testEngine   _engineSupported: true,
silly testEngine   _npmVersion: '1.0.106',
silly testEngine   _nodeVersion: 'v0.6.8',
silly testEngine   _defaultsLoaded: true }
verbose caching /mnt/ws/users/$sn/sniperumm/npm_cache/express/2.5.8/package/package.json
verbose loadDefaults express@2.5.8
silly resolved [ { name: 'express',
silly resolved     description: 'Sinatra inspired web development framework',
silly resolved     version: '2.5.8',
silly resolved     author: { name: 'TJ Holowaychuk', email: 'tj@vision-media.ca' },
silly resolved     contributors: 
silly resolved      [ { name: 'TJ Holowaychuk', email: 'tj@vision-media.ca' },
silly resolved        { name: 'Aaron Heckmann',
silly resolved          email: 'aaron.heckmann+github@gmail.com' },
silly resolved        { name: 'Ciaran Jessup', email: 'ciaranj@gmail.com' },
silly resolved        { name: 'Guillermo Rauch', email: 'rauchg@gmail.com' } ],
silly resolved     dependencies: { connect: '1.x', mime: '1.2.4', qs: '0.4.x', mkdirp: '0.3.0' },
silly resolved     devDependencies: 
silly resolved      { 'connect-form': '0.2.1',
silly resolved        ejs: '0.4.2',
silly resolved        expresso: '0.9.2',
silly resolved        hamljs: '0.6.x',
silly resolved        jade: '0.16.2',
silly resolved        stylus: '0.13.0',
silly resolved        should: '0.3.2',
silly resolved        'express-messages': '0.0.2',
silly resolved        'node-markdown': '>= 0.0.1',
silly resolved        'connect-redis': '>= 0.0.1' },
silly resolved     keywords: [ 'framework', 'sinatra', 'web', 'rest', 'restful' ],
silly resolved     repository: { type: 'git', url: 'git://github.com/visionmedia/express.git' },
silly resolved     main: 'index',
silly resolved     bin: { express: './bin/express' },
silly resolved     scripts: { test: 'make test', prepublish: 'npm prune' },
silly resolved     engines: { node: '>= 0.4.1 < 0.7.0' },
silly resolved     _id: 'express@2.5.8',
silly resolved     _engineSupported: true,
silly resolved     _npmVersion: '1.0.106',
silly resolved     _nodeVersion: 'v0.6.8',
silly resolved     _defaultsLoaded: true } ]
info into /mnt/ws/users/$sn/sniperumm/158992 express@2.5.8
info installOne express@2.5.8
info unbuild /mnt/ws/users/$sn/sniperumm/158992/node_modules/express
verbose from cache /mnt/ws/users/$sn/sniperumm/npm_cache/express/2.5.8/package/package.json
verbose mkdir (expected) error ENOENT, no such file or directory '/mnt/ws/users/$sn/sniperumm/158992/node_modules'
verbose mkdir (expected) error ENOENT, no such file or directory '/mnt/ws/users/$sn/sniperumm/158992/node_modules/___express.npm'
verbose mkdir done: /mnt/ws/users/$sn/sniperumm/158992/node_modules/___express.npm 755
verbose unpack_ uid, gid [ undefined, undefined ]
verbose unpackTarget /mnt/ws/users/$sn/sniperumm/158992/node_modules/express
silly gunzTarPerm modes [ '755', '644' ]
silly spawning [ '/opt/local/bin/gtar',
silly spawning   [ '-zmvxpf',
silly spawning     '/mnt/ws/users/$sn/sniperumm/npm_cache/express/2.5.8/package.tgz' ],
silly spawning   '/mnt/ws/users/$sn/sniperumm/158992/node_modules/___express.npm' ]
silly tar out package/.npmignore
silly tar out package/History.md
silly tar out package/index.js
silly tar out package/LICENSE
silly tar out package/package.json
silly tar out package/Makefile
silly tar out package/Readme.md
silly tar out package/bin/express
silly tar out package/lib/express.js
silly tar out package/lib/http.js
silly tar out package/lib/https.js
silly tar out package/lib/request.js
silly tar out package/lib/response.js
silly tar out package/lib/utils.js
silly tar out package/lib/view.js
silly tar out package/lib/router/collection.js
silly tar out package/lib/router/index.js
silly tar out package/lib/router/methods.js
silly tar out package/lib/router/route.js
silly tar out package/lib/view/partial.js
silly tar out package/lib/view/view.js
silly tar out package/testing/index.js
silly tar out package/testing/public/test.txt
silly tar out package/testing/views/page.html
silly tar out package/testing/views/page.jade
silly tar out package/testing/views/test.md
silly tar out package/testing/views/user/index.jade
silly tar out package/testing/views/user/list.jade
silly tar out package/testing/foo/app.js
silly tar out package/testing/foo/package.json
silly tar out package/testing/foo/routes/index.js
silly tar out package/testing/foo/views/index.jade
silly tar out package/testing/foo/views/layout.jade
silly tar out package/testing/foo/public/stylesheets/style.css
silly tar exit 0
silly asyncMap in gTP /mnt/ws/users/$sn/sniperumm/158992/node_modules/___express.npm/package
silly asyncMap in gTP /mnt/ws/users/$sn/sniperumm/158992/node_modules/___express.npm/package/.npmignore
silly asyncMap in gTP /mnt/ws/users/$sn/sniperumm/158992/node_modules/___express.npm/package/History.md
silly asyncMap in gTP /mnt/ws/users/$sn/sniperumm/158992/node_modules/___express.npm/package/index.js
silly asyncMap in gTP /mnt/ws/users/$sn/sniperumm/158992/node_modules/___express.npm/package/LICENSE
silly asyncMap in gTP /mnt/ws/users/$sn/sniperumm/158992/node_modules/___express.npm/package/package.json
silly asyncMap in gTP /mnt/ws/users/$sn/sniperumm/158992/node_modules/___express.npm/package/Makefile
silly asyncMap in gTP /mnt/ws/users/$sn/sniperumm/158992/node_modules/___express.npm/package/Readme.md
silly asyncMap in gTP /mnt/ws/users/$sn/sniperumm/158992/node_modules/___express.npm/package/bin
silly asyncMap in gTP /mnt/ws/users/$sn/sniperumm/158992/node_modules/___express.npm/package/bin/express
silly asyncMap in gTP /mnt/ws/users/$sn/sniperumm/158992/node_modules/___express.npm/package/lib
silly asyncMap in gTP /mnt/ws/users/$sn/sniperumm/158992/node_modules/___express.npm/package/lib/express.js
silly asyncMap in gTP /mnt/ws/users/$sn/sniperumm/158992/node_modules/___express.npm/package/lib/http.js
silly asyncMap in gTP /mnt/ws/users/$sn/sniperumm/158992/node_modules/___express.npm/package/lib/https.js
silly asyncMap in gTP /mnt/ws/users/$sn/sniperumm/158992/node_modules/___express.npm/package/lib/request.js
silly asyncMap in gTP /mnt/ws/users/$sn/sniperumm/158992/node_modules/___express.npm/package/lib/response.js
silly asyncMap in gTP /mnt/ws/users/$sn/sniperumm/158992/node_modules/___express.npm/package/lib/utils.js
silly asyncMap in gTP /mnt/ws/users/$sn/sniperumm/158992/node_modules/___express.npm/package/lib/view.js
silly asyncMap in gTP /mnt/ws/users/$sn/sniperumm/158992/node_modules/___express.npm/package/lib/router
silly asyncMap in gTP /mnt/ws/users/$sn/sniperumm/158992/node_modules/___express.npm/package/lib/router/collection.js
silly asyncMap in gTP /mnt/ws/users/$sn/sniperumm/158992/node_modules/___express.npm/package/lib/router/index.js
silly asyncMap in gTP /mnt/ws/users/$sn/sniperumm/158992/node_modules/___express.npm/package/lib/router/methods.js
silly asyncMap in gTP /mnt/ws/users/$sn/sniperumm/158992/node_modules/___express.npm/package/lib/router/route.js
silly asyncMap in gTP /mnt/ws/users/$sn/sniperumm/158992/node_modules/___express.npm/package/lib/view
silly asyncMap in gTP /mnt/ws/users/$sn/sniperumm/158992/node_modules/___express.npm/package/lib/view/partial.js
silly asyncMap in gTP /mnt/ws/users/$sn/sniperumm/158992/node_modules/___express.npm/package/lib/view/view.js
silly asyncMap in gTP /mnt/ws/users/$sn/sniperumm/158992/node_modules/___express.npm/package/testing
silly asyncMap in gTP /mnt/ws/users/$sn/sniperumm/158992/node_modules/___express.npm/package/testing/index.js
silly asyncMap in gTP /mnt/ws/users/$sn/sniperumm/158992/node_modules/___express.npm/package/testing/public
silly asyncMap in gTP /mnt/ws/users/$sn/sniperumm/158992/node_modules/___express.npm/package/testing/public/test.txt
silly asyncMap in gTP /mnt/ws/users/$sn/sniperumm/158992/node_modules/___express.npm/package/testing/views
silly asyncMap in gTP /mnt/ws/users/$sn/sniperumm/158992/node_modules/___express.npm/package/testing/views/page.html
silly asyncMap in gTP /mnt/ws/users/$sn/sniperumm/158992/node_modules/___express.npm/package/testing/views/page.jade
silly asyncMap in gTP /mnt/ws/users/$sn/sniperumm/158992/node_modules/___express.npm/package/testing/views/test.md
silly asyncMap in gTP /mnt/ws/users/$sn/sniperumm/158992/node_modules/___express.npm/package/testing/views/user
silly asyncMap in gTP /mnt/ws/users/$sn/sniperumm/158992/node_modules/___express.npm/package/testing/views/user/index.jade
silly asyncMap in gTP /mnt/ws/users/$sn/sniperumm/158992/node_modules/___express.npm/package/testing/views/user/list.jade
silly asyncMap in gTP /mnt/ws/users/$sn/sniperumm/158992/node_modules/___express.npm/package/testing/foo
silly asyncMap in gTP /mnt/ws/users/$sn/sniperumm/158992/node_modules/___express.npm/package/testing/foo/app.js
silly asyncMap in gTP /mnt/ws/users/$sn/sniperumm/158992/node_modules/___express.npm/package/testing/foo/package.json
silly asyncMap in gTP /mnt/ws/users/$sn/sniperumm/158992/node_modules/___express.npm/package/testing/foo/routes
silly asyncMap in gTP /mnt/ws/users/$sn/sniperumm/158992/node_modules/___express.npm/package/testing/foo/routes/index.js
silly asyncMap in gTP /mnt/ws/users/$sn/sniperumm/158992/node_modules/___express.npm/package/testing/foo/views
silly asyncMap in gTP /mnt/ws/users/$sn/sniperumm/158992/node_modules/___express.npm/package/testing/foo/views/index.jade
silly asyncMap in gTP /mnt/ws/users/$sn/sniperumm/158992/node_modules/___express.npm/package/testing/foo/views/layout.jade
silly asyncMap in gTP /mnt/ws/users/$sn/sniperumm/158992/node_modules/___express.npm/package/testing/foo/public
silly asyncMap in gTP /mnt/ws/users/$sn/sniperumm/158992/node_modules/___express.npm/package/testing/foo/public/stylesheets
silly asyncMap in gTP /mnt/ws/users/$sn/sniperumm/158992/node_modules/___express.npm/package/testing/foo/public/stylesheets/style.css
verbose gunzed /mnt/ws/users/$sn/sniperumm/158992/node_modules/___express.npm/package
verbose rm'ed /mnt/ws/users/$sn/sniperumm/158992/node_modules/express
verbose renamed [ '/mnt/ws/users/$sn/sniperumm/158992/node_modules/___express.npm/package',
verbose renamed   '/mnt/ws/users/$sn/sniperumm/158992/node_modules/express' ]
silly testEngine { name: 'express',
silly testEngine   description: 'Sinatra inspired web development framework',
silly testEngine   version: '2.5.8',
silly testEngine   author: { name: 'TJ Holowaychuk', email: 'tj@vision-media.ca' },
silly testEngine   contributors: 
silly testEngine    [ { name: 'TJ Holowaychuk', email: 'tj@vision-media.ca' },
silly testEngine      { name: 'Aaron Heckmann',
silly testEngine        email: 'aaron.heckmann+github@gmail.com' },
silly testEngine      { name: 'Ciaran Jessup', email: 'ciaranj@gmail.com' },
silly testEngine      { name: 'Guillermo Rauch', email: 'rauchg@gmail.com' } ],
silly testEngine   dependencies: { connect: '1.x', mime: '1.2.4', qs: '0.4.x', mkdirp: '0.3.0' },
silly testEngine   devDependencies: 
silly testEngine    { 'connect-form': '0.2.1',
silly testEngine      ejs: '0.4.2',
silly testEngine      expresso: '0.9.2',
silly testEngine      hamljs: '0.6.x',
silly testEngine      jade: '0.16.2',
silly testEngine      stylus: '0.13.0',
silly testEngine      should: '0.3.2',
silly testEngine      'express-messages': '0.0.2',
silly testEngine      'node-markdown': '>= 0.0.1',
silly testEngine      'connect-redis': '>= 0.0.1' },
silly testEngine   keywords: [ 'framework', 'sinatra', 'web', 'rest', 'restful' ],
silly testEngine   repository: { type: 'git', url: 'git://github.com/visionmedia/express.git' },
silly testEngine   main: 'index',
silly testEngine   bin: { express: './bin/express' },
silly testEngine   scripts: { test: 'make test', prepublish: 'npm prune' },
silly testEngine   engines: { node: '>= 0.4.1 < 0.7.0' },
silly testEngine   _id: 'express@2.5.8',
silly testEngine   _engineSupported: true,
silly testEngine   _npmVersion: '1.0.106',
silly testEngine   _nodeVersion: 'v0.6.8',
silly testEngine   _defaultsLoaded: true }
verbose caching /mnt/ws/users/$sn/sniperumm/158992/node_modules/express/package.json
verbose loadDefaults express@2.5.8
info preinstall express@2.5.8
verbose from cache /mnt/ws/users/$sn/sniperumm/158992/node_modules/express/package.json
verbose into /mnt/ws/users/$sn/sniperumm/158992/node_modules/express [ 'connect@1.x', 'mime@1.2.4', 'qs@0.4.x', 'mkdirp@0.3.0' ]
verbose cache add mime@1.2.4
verbose cache add [ 'mime@1.2.4', null ]
silly cache add: name, spec, args [ undefined, 'mime@1.2.4', [ 'mime@1.2.4', null ] ]
verbose parsed url { pathname: 'mime@1.2.4',
verbose parsed url   path: 'mime@1.2.4',
verbose parsed url   href: 'mime@1.2.4' }
silly cache add: name, spec, args [ 'mime', '1.2.4', [ 'mime', '1.2.4' ] ]
verbose parsed url { pathname: '1.2.4', path: '1.2.4', href: '1.2.4' }
info addNamed [ 'mime', '1.2.4' ]
verbose addNamed [ '1.2.4', '1.2.4' ]
verbose cache add qs@0.4.x
verbose cache add [ 'qs@0.4.x', null ]
silly cache add: name, spec, args [ undefined, 'qs@0.4.x', [ 'qs@0.4.x', null ] ]
verbose parsed url { pathname: 'qs@0.4.x', path: 'qs@0.4.x', href: 'qs@0.4.x' }
silly cache add: name, spec, args [ 'qs', '0.4.x', [ 'qs', '0.4.x' ] ]
verbose parsed url { pathname: '0.4.x', path: '0.4.x', href: '0.4.x' }
info addNamed [ 'qs', '0.4.x' ]
verbose addNamed [ null, '>=0.4.0- <0.5.0-' ]
verbose cache add mkdirp@0.3.0
verbose cache add [ 'mkdirp@0.3.0', null ]
silly cache add: name, spec, args [ undefined, 'mkdirp@0.3.0', [ 'mkdirp@0.3.0', null ] ]
verbose parsed url { pathname: 'mkdirp@0.3.0',
verbose parsed url   path: 'mkdirp@0.3.0',
verbose parsed url   href: 'mkdirp@0.3.0' }
silly cache add: name, spec, args [ 'mkdirp', '0.3.0', [ 'mkdirp', '0.3.0' ] ]
verbose parsed url { pathname: '0.3.0', path: '0.3.0', href: '0.3.0' }
info addNamed [ 'mkdirp', '0.3.0' ]
verbose addNamed [ '0.3.0', '0.3.0' ]
verbose cache add connect@1.x
verbose cache add [ 'connect@1.x', null ]
silly cache add: name, spec, args [ undefined, 'connect@1.x', [ 'connect@1.x', null ] ]
verbose parsed url { pathname: 'connect@1.x',
verbose parsed url   path: 'connect@1.x',
verbose parsed url   href: 'connect@1.x' }
silly cache add: name, spec, args [ 'connect', '1.x', [ 'connect', '1.x' ] ]
verbose parsed url { pathname: '1.x', path: '1.x', href: '1.x' }
info addNamed [ 'connect', '1.x' ]
verbose addNamed [ null, '>=1.0.0- <2.0.0-' ]
verbose GET qs
verbose raw, before any munging qs
verbose url resolving [ 'https://registry.npmjs.org/', './qs' ]
verbose url resolved https://registry.npmjs.org/qs
verbose etag "B4ATVD5ND6S643F9PF2HK58RH"
verbose GET mkdirp/0.3.0
verbose raw, before any munging mkdirp/0.3.0
verbose url resolving [ 'https://registry.npmjs.org/', './mkdirp/0.3.0' ]
verbose url resolved https://registry.npmjs.org/mkdirp/0.3.0
verbose etag "1XXGOCUNCQSP88S35HE4DD5ZP"
verbose GET connect
verbose raw, before any munging connect
verbose url resolving [ 'https://registry.npmjs.org/', './connect' ]
verbose url resolved https://registry.npmjs.org/connect
verbose etag "234VCS5N3HC9Q1BQBANUAVE9A"
verbose GET mime/1.2.4
verbose raw, before any munging mime/1.2.4
verbose url resolving [ 'https://registry.npmjs.org/', './mime/1.2.4' ]
verbose url resolved https://registry.npmjs.org/mime/1.2.4
verbose etag "9Q4QOUV3ZCI0CO8FGHWFNWN9Z"
silly get cb [ 304,
silly get cb   { server: 'CouchDB/1.2.0 (Erlang OTP/R15B)',
silly get cb     etag: '"1XXGOCUNCQSP88S35HE4DD5ZP"',
silly get cb     date: 'Wed, 21 Mar 2012 22:58:36 GMT',
silly get cb     'content-length': '0' } ]
verbose etag mkdirp/0.3.0 from cache
verbose bin dist [ '0.6-ares1.7.5-DEV-evundefined-openssl0.9.8o-v83.6.6.19-sunos-ia32-5.11',
verbose bin dist   { shasum: '1bbf5ab1ba827af23575143490426455f481fe1e',
verbose bin dist     tarball: 'http://registry.npmjs.org/mkdirp/-/mkdirp-0.3.0.tgz' } ]
silly get cb [ 304,
silly get cb   { server: 'CouchDB/1.2.0 (Erlang OTP/R15B)',
silly get cb     etag: '"B4ATVD5ND6S643F9PF2HK58RH"',
silly get cb     date: 'Wed, 21 Mar 2012 22:58:36 GMT',
silly get cb     'content-length': '0' } ]
verbose etag qs from cache
silly testEngine { name: 'mkdirp',
silly testEngine   description: 'Recursively mkdir, like `mkdir -p`',
silly testEngine   version: '0.3.0',
silly testEngine   author: 
silly testEngine    { name: 'James Halliday',
silly testEngine      email: 'mail@substack.net',
silly testEngine      url: 'http://substack.net' },
silly testEngine   main: './index',
silly testEngine   keywords: [ 'mkdir', 'directory' ],
silly testEngine   repository: 
silly testEngine    { type: 'git',
silly testEngine      url: 'git://github.com/substack/node-mkdirp.git' },
silly testEngine   scripts: { test: 'tap test/*.js' },
silly testEngine   devDependencies: { tap: '0.0.x' },
silly testEngine   license: 'MIT/X11',
silly testEngine   engines: { node: '*' },
silly testEngine   _id: 'mkdirp@0.3.0',
silly testEngine   dependencies: {},
silly testEngine   _engineSupported: true,
silly testEngine   _npmVersion: '1.0.106',
silly testEngine   _nodeVersion: 'v0.6.8',
silly testEngine   _defaultsLoaded: true }
verbose caching /mnt/ws/users/$sn/sniperumm/npm_cache/mkdirp/0.3.0/package/package.json
verbose loadDefaults mkdirp@0.3.0
silly get cb [ 304,
silly get cb   { server: 'CouchDB/1.2.0 (Erlang OTP/R15B)',
silly get cb     etag: '"234VCS5N3HC9Q1BQBANUAVE9A"',
silly get cb     date: 'Wed, 21 Mar 2012 22:58:36 GMT',
silly get cb     'content-length': '0' } ]
verbose etag connect from cache
verbose GET qs/0.4.2
verbose raw, before any munging qs/0.4.2
verbose url resolving [ 'https://registry.npmjs.org/', './qs/0.4.2' ]
verbose url resolved https://registry.npmjs.org/qs/0.4.2
verbose etag "B4ATVD5ND6S643F9PF2HK58RH"
verbose GET connect/1.8.6
verbose raw, before any munging connect/1.8.6
verbose url resolving [ 'https://registry.npmjs.org/', './connect/1.8.6' ]
verbose url resolved https://registry.npmjs.org/connect/1.8.6
verbose etag "234VCS5N3HC9Q1BQBANUAVE9A"
silly get cb [ 304,
silly get cb   { server: 'CouchDB/1.2.0 (Erlang OTP/R15B)',
silly get cb     etag: '"9Q4QOUV3ZCI0CO8FGHWFNWN9Z"',
silly get cb     date: 'Wed, 21 Mar 2012 22:58:36 GMT',
silly get cb     'content-length': '0' } ]
verbose etag mime/1.2.4 from cache
verbose bin dist [ '0.6-ares1.7.5-DEV-evundefined-openssl0.9.8o-v83.6.6.19-sunos-ia32-5.11',
verbose bin dist   { shasum: '11b5fdaf29c2509255176b80ad520294f5de92b7',
verbose bin dist     tarball: 'http://registry.npmjs.org/mime/-/mime-1.2.4.tgz' } ]
silly testEngine { author: 
silly testEngine    { name: 'Robert Kieffer',
silly testEngine      email: 'robert@broofa.com',
silly testEngine      url: 'http://github.com/broofa' },
silly testEngine   contributors: 
silly testEngine    [ { name: 'Benjamin Thomas',
silly testEngine        email: 'benjamin@benjaminthomas.org',
silly testEngine        url: 'http://github.com/bentomas' } ],
silly testEngine   dependencies: {},
silly testEngine   description: 'A comprehensive library for mime-type mapping',
silly testEngine   devDependencies: { async_testing: '' },
silly testEngine   keywords: [ 'util', 'mime' ],
silly testEngine   main: 'mime.js',
silly testEngine   name: 'mime',
silly testEngine   repository: { url: 'git://github.com/bentomas/node-mime.git', type: 'git' },
silly testEngine   version: '1.2.4',
silly testEngine   _id: 'mime@1.2.4',
silly testEngine   engines: { node: '*' },
silly testEngine   _engineSupported: true,
silly testEngine   _npmVersion: '1.0.106',
silly testEngine   _nodeVersion: 'v0.6.8',
silly testEngine   _defaultsLoaded: true }
verbose caching /mnt/ws/users/$sn/sniperumm/npm_cache/mime/1.2.4/package/package.json
verbose loadDefaults mime@1.2.4
silly get cb [ 304,
silly get cb   { server: 'CouchDB/1.2.0 (Erlang OTP/R15B)',
silly get cb     etag: '"B4ATVD5ND6S643F9PF2HK58RH"',
silly get cb     date: 'Wed, 21 Mar 2012 22:58:36 GMT',
silly get cb     'content-length': '0' } ]
verbose etag qs/0.4.2 from cache
verbose bin dist [ '0.6-ares1.7.5-DEV-evundefined-openssl0.9.8o-v83.6.6.19-sunos-ia32-5.11',
verbose bin dist   { shasum: '3cac4c861e371a8c9c4770ac23cda8de639b8e5f',
verbose bin dist     tarball: 'http://registry.npmjs.org/qs/-/qs-0.4.2.tgz' } ]
silly get cb [ 304,
silly get cb   { server: 'CouchDB/1.2.0 (Erlang OTP/R15B)',
silly get cb     etag: '"234VCS5N3HC9Q1BQBANUAVE9A"',
silly get cb     date: 'Wed, 21 Mar 2012 22:58:36 GMT',
silly get cb     'content-length': '0' } ]
verbose etag connect/1.8.6 from cache
silly testEngine { name: 'qs',
silly testEngine   description: 'querystring parser',
silly testEngine   version: '0.4.2',
silly testEngine   repository: 
silly testEngine    { type: 'git',
silly testEngine      url: 'git://github.com/visionmedia/node-querystring.git' },
silly testEngine   devDependencies: { mocha: '*', should: '*' },
silly testEngine   author: 
silly testEngine    { name: 'TJ Holowaychuk',
silly testEngine      email: 'tj@vision-media.ca',
silly testEngine      url: 'http://tjholowaychuk.com' },
silly testEngine   main: 'index',
silly testEngine   engines: { node: '*' },
silly testEngine   _id: 'qs@0.4.2',
silly testEngine   dependencies: {},
silly testEngine   _engineSupported: true,
silly testEngine   _npmVersion: '1.0.106',
silly testEngine   _nodeVersion: 'v0.6.8',
silly testEngine   _defaultsLoaded: true }
verbose caching /mnt/ws/users/$sn/sniperumm/npm_cache/qs/0.4.2/package/package.json
verbose loadDefaults qs@0.4.2
verbose bin dist [ '0.6-ares1.7.5-DEV-evundefined-openssl0.9.8o-v83.6.6.19-sunos-ia32-5.11',
verbose bin dist   { shasum: 'd01e66907b4383f71badef33ede5383ad65d01ec',
verbose bin dist     tarball: 'http://registry.npmjs.org/connect/-/connect-1.8.6.tgz' } ]
silly testEngine { name: 'connect',
silly testEngine   version: '1.8.6',
silly testEngine   description: 'High performance middleware framework',
silly testEngine   keywords: [ 'framework', 'web', 'middleware', 'connect', 'rack' ],
silly testEngine   repository: { type: 'git', url: 'git://github.com/senchalabs/connect.git' },
silly testEngine   author: 
silly testEngine    { name: 'TJ Holowaychuk',
silly testEngine      email: 'tj@vision-media.ca',
silly testEngine      url: 'http://tjholowaychuk.com' },
silly testEngine   dependencies: { qs: '>= 0.4.0', mime: '>= 0.0.1', formidable: '1.0.x' },
silly testEngine   devDependencies: 
silly testEngine    { expresso: '0.9.2',
silly testEngine      koala: '0.1.2',
silly testEngine      less: '1.1.1',
silly testEngine      sass: '0.5.0',
silly testEngine      markdown: '0.2.1',
silly testEngine      ejs: '0.4.3',
silly testEngine      should: '0.3.2' },
silly testEngine   main: 'index',
silly testEngine   engines: { node: '>= 0.4.1 < 0.7.0' },
silly testEngine   _id: 'connect@1.8.6',
silly testEngine   _engineSupported: true,
silly testEngine   _npmVersion: '1.0.106',
silly testEngine   _nodeVersion: 'v0.6.8',
silly testEngine   _defaultsLoaded: true }
verbose caching /mnt/ws/users/$sn/sniperumm/npm_cache/connect/1.8.6/package/package.json
verbose loadDefaults connect@1.8.6
silly resolved [ { name: 'mkdirp',
silly resolved     description: 'Recursively mkdir, like `mkdir -p`',
silly resolved     version: '0.3.0',
silly resolved     author: 
silly resolved      { name: 'James Halliday',
silly resolved        email: 'mail@substack.net',
silly resolved        url: 'http://substack.net' },
silly resolved     main: './index',
silly resolved     keywords: [ 'mkdir', 'directory' ],
silly resolved     repository: 
silly resolved      { type: 'git',
silly resolved        url: 'git://github.com/substack/node-mkdirp.git' },
silly resolved     scripts: { test: 'tap test/*.js' },
silly resolved     devDependencies: { tap: '0.0.x' },
silly resolved     license: 'MIT/X11',
silly resolved     engines: { node: '*' },
silly resolved     _id: 'mkdirp@0.3.0',
silly resolved     dependencies: {},
silly resolved     _engineSupported: true,
silly resolved     _npmVersion: '1.0.106',
silly resolved     _nodeVersion: 'v0.6.8',
silly resolved     _defaultsLoaded: true },
silly resolved   { author: 
silly resolved      { name: 'Robert Kieffer',
silly resolved        email: 'robert@broofa.com',
silly resolved        url: 'http://github.com/broofa' },
silly resolved     contributors: 
silly resolved      [ { name: 'Benjamin Thomas',
silly resolved          email: 'benjamin@benjaminthomas.org',
silly resolved          url: 'http://github.com/bentomas' } ],
silly resolved     dependencies: {},
silly resolved     description: 'A comprehensive library for mime-type mapping',
silly resolved     devDependencies: { async_testing: '' },
silly resolved     keywords: [ 'util', 'mime' ],
silly resolved     main: 'mime.js',
silly resolved     name: 'mime',
silly resolved     repository: { url: 'git://github.com/bentomas/node-mime.git', type: 'git' },
silly resolved     version: '1.2.4',
silly resolved     _id: 'mime@1.2.4',
silly resolved     engines: { node: '*' },
silly resolved     _engineSupported: true,
silly resolved     _npmVersion: '1.0.106',
silly resolved     _nodeVersion: 'v0.6.8',
silly resolved     _defaultsLoaded: true },
silly resolved   { name: 'qs',
silly resolved     description: 'querystring parser',
silly resolved     version: '0.4.2',
silly resolved     repository: 
silly resolved      { type: 'git',
silly resolved        url: 'git://github.com/visionmedia/node-querystring.git' },
silly resolved     devDependencies: { mocha: '*', should: '*' },
silly resolved     author: 
silly resolved      { name: 'TJ Holowaychuk',
silly resolved        email: 'tj@vision-media.ca',
silly resolved        url: 'http://tjholowaychuk.com' },
silly resolved     main: 'index',
silly resolved     engines: { node: '*' },
silly resolved     _id: 'qs@0.4.2',
silly resolved     dependencies: {},
silly resolved     _engineSupported: true,
silly resolved     _npmVersion: '1.0.106',
silly resolved     _nodeVersion: 'v0.6.8',
silly resolved     _defaultsLoaded: true },
silly resolved   { name: 'connect',
silly resolved     version: '1.8.6',
silly resolved     description: 'High performance middleware framework',
silly resolved     keywords: [ 'framework', 'web', 'middleware', 'connect', 'rack' ],
silly resolved     repository: { type: 'git', url: 'git://github.com/senchalabs/connect.git' },
silly resolved     author: 
silly resolved      { name: 'TJ Holowaychuk',
silly resolved        email: 'tj@vision-media.ca',
silly resolved        url: 'http://tjholowaychuk.com' },
silly resolved     dependencies: { qs: '>= 0.4.0', mime: '>= 0.0.1', formidable: '1.0.x' },
silly resolved     devDependencies: 
silly resolved      { expresso: '0.9.2',
silly resolved        koala: '0.1.2',
silly resolved        less: '1.1.1',
silly resolved        sass: '0.5.0',
silly resolved        markdown: '0.2.1',
silly resolved        ejs: '0.4.3',
silly resolved        should: '0.3.2' },
silly resolved     main: 'index',
silly resolved     engines: { node: '>= 0.4.1 < 0.7.0' },
silly resolved     _id: 'connect@1.8.6',
silly resolved     _engineSupported: true,
silly resolved     _npmVersion: '1.0.106',
silly resolved     _nodeVersion: 'v0.6.8',
silly resolved     _defaultsLoaded: true } ]
info into /mnt/ws/users/$sn/sniperumm/158992/node_modules/express mkdirp@0.3.0
info into /mnt/ws/users/$sn/sniperumm/158992/node_modules/express mime@1.2.4
info into /mnt/ws/users/$sn/sniperumm/158992/node_modules/express qs@0.4.2
info into /mnt/ws/users/$sn/sniperumm/158992/node_modules/express connect@1.8.6
info installOne mkdirp@0.3.0
info installOne mime@1.2.4
info installOne qs@0.4.2
info installOne connect@1.8.6
info unbuild /mnt/ws/users/$sn/sniperumm/158992/node_modules/express/node_modules/mkdirp
info unbuild /mnt/ws/users/$sn/sniperumm/158992/node_modules/express/node_modules/mime
info unbuild /mnt/ws/users/$sn/sniperumm/158992/node_modules/express/node_modules/qs
info unbuild /mnt/ws/users/$sn/sniperumm/158992/node_modules/express/node_modules/connect
verbose from cache /mnt/ws/users/$sn/sniperumm/npm_cache/mime/1.2.4/package/package.json
verbose from cache /mnt/ws/users/$sn/sniperumm/npm_cache/qs/0.4.2/package/package.json
verbose from cache /mnt/ws/users/$sn/sniperumm/npm_cache/mkdirp/0.3.0/package/package.json
verbose from cache /mnt/ws/users/$sn/sniperumm/npm_cache/connect/1.8.6/package/package.json
verbose mkdir (expected) error ENOENT, no such file or directory '/mnt/ws/users/$sn/sniperumm/158992/node_modules/express'
verbose mkdir (expected) error ENOENT, no such file or directory '/mnt/ws/users/$sn/sniperumm/158992/node_modules/express'
verbose mkdir (expected) error ENOENT, no such file or directory '/mnt/ws/users/$sn/sniperumm/158992/node_modules/express'
verbose mkdir (expected) error ENOENT, no such file or directory '/mnt/ws/users/$sn/sniperumm/158992/node_modules/express'
verbose mkdir (expected) error ENOENT, no such file or directory '/mnt/ws/users/$sn/sniperumm/158992/node_modules/express/node_modules'
verbose mkdir (expected) error ENOENT, no such file or directory '/mnt/ws/users/$sn/sniperumm/158992/node_modules/express/node_modules'
verbose mkdir (expected) error ENOENT, no such file or directory '/mnt/ws/users/$sn/sniperumm/158992/node_modules/express/node_modules'
verbose mkdir (expected) error ENOENT, no such file or directory '/mnt/ws/users/$sn/sniperumm/158992/node_modules/express/node_modules'
verbose mkdir (expected) error ENOENT, no such file or directory '/mnt/ws/users/$sn/sniperumm/158992/node_modules/express/node_modules/___mkdirp.npm'
verbose mkdir (expected) error ENOENT, no such file or directory '/mnt/ws/users/$sn/sniperumm/158992/node_modules/express/node_modules/___qs.npm'
verbose mkdir (expected) error ENOENT, no such file or directory '/mnt/ws/users/$sn/sniperumm/158992/node_modules/express/node_modules/___mime.npm'
verbose mkdir (expected) error ENOENT, no such file or directory '/mnt/ws/users/$sn/sniperumm/158992/node_modules/express/node_modules/___connect.npm'
verbose mkdir done: /mnt/ws/users/$sn/sniperumm/158992/node_modules/express/node_modules/___mime.npm 755
verbose mkdir done: /mnt/ws/users/$sn/sniperumm/158992/node_modules/express/node_modules/___mkdirp.npm 755
verbose mkdir done: /mnt/ws/users/$sn/sniperumm/158992/node_modules/express/node_modules/___qs.npm 755
verbose unpack_ uid, gid [ undefined, undefined ]
verbose unpackTarget /mnt/ws/users/$sn/sniperumm/158992/node_modules/express/node_modules/mime
silly gunzTarPerm modes [ '755', '644' ]
silly spawning [ '/opt/local/bin/gtar',
silly spawning   [ '-zmvxpf',
silly spawning     '/mnt/ws/users/$sn/sniperumm/npm_cache/mime/1.2.4/package.tgz' ],
silly spawning   '/mnt/ws/users/$sn/sniperumm/158992/node_modules/express/node_modules/___mime.npm' ]
verbose unpack_ uid, gid [ undefined, undefined ]
verbose unpackTarget /mnt/ws/users/$sn/sniperumm/158992/node_modules/express/node_modules/mkdirp
silly gunzTarPerm modes [ '755', '644' ]
silly spawning [ '/opt/local/bin/gtar',
silly spawning   [ '-zmvxpf',
silly spawning     '/mnt/ws/users/$sn/sniperumm/npm_cache/mkdirp/0.3.0/package.tgz' ],
silly spawning   '/mnt/ws/users/$sn/sniperumm/158992/node_modules/express/node_modules/___mkdirp.npm' ]
verbose unpack_ uid, gid [ undefined, undefined ]
verbose unpackTarget /mnt/ws/users/$sn/sniperumm/158992/node_modules/express/node_modules/qs
silly gunzTarPerm modes [ '755', '644' ]
silly spawning [ '/opt/local/bin/gtar',
silly spawning   [ '-zmvxpf',
silly spawning     '/mnt/ws/users/$sn/sniperumm/npm_cache/qs/0.4.2/package.tgz' ],
silly spawning   '/mnt/ws/users/$sn/sniperumm/158992/node_modules/express/node_modules/___qs.npm' ]
verbose mkdir done: /mnt/ws/users/$sn/sniperumm/158992/node_modules/express/node_modules/___connect.npm 755
silly tar out package/index.js
silly tar out package/mime.js
silly tar out package/README.md
verbose unpack_ uid, gid [ undefined, undefined ]
verbose unpackTarget /mnt/ws/users/$sn/sniperumm/158992/node_modules/express/node_modules/connect
silly gunzTarPerm modes [ '755', '644' ]
silly spawning [ '/opt/local/bin/gtar',
silly spawning   [ '-zmvxpf',
silly spawning     '/mnt/ws/users/$sn/sniperumm/npm_cache/connect/1.8.6/package.tgz' ],
silly spawning   '/mnt/ws/users/$sn/sniperumm/158992/node_modules/express/node_modules/___connect.npm' ]
silly tar out package/.gitignore
silly tar out package/package.json
silly tar out package/LICENSE
silly tar out package/package.json
silly tar out package/.gitignore.rej
silly tar out package/test.js
silly tar out package/.npmignore
silly tar out package/.gitignore.orig
silly tar out package/types/mime.types
silly tar out package/README.markdown
silly tar out package/index.js
silly tar out package/LICENSE
silly tar out package/types/node.types
silly tar out package/LICENSE
silly tar out package/.gitignore
silly tar out package/package.json
silly tar exit 0
silly tar out package/examples/pow.js.rej
silly tar out package/lib/cache.js
silly tar out package/.gitmodules
silly tar out package/examples/pow.js
silly tar out package/lib/connect.js
silly tar out package/.travis.yml
silly tar out package/examples/pow.js.orig
silly tar out package/lib/http.js
silly tar out package/benchmark.js
silly tar out package/test/perm.js
silly tar out package/lib/https.js
silly tar out package/examples.js
silly tar out package/lib/index.js
silly tar out package/test/umask_sync.js
silly tar out package/History.md
silly tar out package/lib/patch.js
silly asyncMap in gTP /mnt/ws/users/$sn/sniperumm/158992/node_modules/express/node_modules/___mime.npm/package
silly asyncMap in gTP /mnt/ws/users/$sn/sniperumm/158992/node_modules/express/node_modules/___mime.npm/package/types
silly asyncMap in gTP /mnt/ws/users/$sn/sniperumm/158992/node_modules/express/node_modules/___mime.npm/package/types/mime.types
silly asyncMap in gTP /mnt/ws/users/$sn/sniperumm/158992/node_modules/express/node_modules/___mime.npm/package/types/node.types
silly tar out package/test/perm_sync.js
silly tar out package/index.js
silly tar out package/lib/utils.js
verbose gunzed /mnt/ws/users/$sn/sniperumm/158992/node_modules/express/node_modules/___mime.npm/package
verbose rm'ed /mnt/ws/users/$sn/sniperumm/158992/node_modules/express/node_modules/mime
silly tar out package/Makefile
silly tar out package/test/race.js
verbose renamed [ '/mnt/ws/users/$sn/sniperumm/158992/node_modules/express/node_modules/___mime.npm/package',
verbose renamed   '/mnt/ws/users/$sn/sniperumm/158992/node_modules/express/node_modules/mime' ]
silly tar out package/lib/middleware/basicAuth.js
silly tar out package/test/rel.js
silly tar out package/test/mkdirp.js
silly tar out package/package.json
silly tar out package/lib/middleware/bodyParser.js
silly tar out package/test/clobber.js
silly tar out package/Readme.md
silly tar out package/test/umask.js
silly tar out package/lib/middleware/compiler.js
silly tar out package/lib/querystring.js
silly tar out package/test/sync.js
ERR! error installing mime@1.2.4 Error: ENOENT, no such file or directory '/mnt/ws/users/$sn/sniperumm/158992/node_modules/express/node_modules/mime/package.json'
info unbuild /mnt/ws/users/$sn/sniperumm/158992/node_modules/express/node_modules/mime
silly tar out package/lib/middleware/cookieParser.js
silly tar out package/test/chmod.js
silly tar out package/lib/middleware/csrf.js
silly tar out package/test/mocha.opts
silly tar out package/lib/middleware/directory.js
silly tar exit 0
silly tar out package/lib/middleware/errorHandler.js
silly tar out package/test/parse.js
silly tar out package/lib/middleware/favicon.js
silly tar out package/test/stringify.js
verbose installOne cb mime@1.2.4
verbose about to build /mnt/ws/users/$sn/sniperumm/158992/node_modules/express
ERR! error installing express@2.5.8 Error: ENOENT, no such file or directory '/mnt/ws/users/$sn/sniperumm/158992/node_modules/express/node_modules/mime/package.json'
info unbuild /mnt/ws/users/$sn/sniperumm/158992/node_modules/express
verbose from cache /mnt/ws/users/$sn/sniperumm/158992/node_modules/express/package.json
info preuninstall express@2.5.8
info uninstall express@2.5.8
silly tar out package/lib/middleware/limit.js
verbose unbuild express@2.5.8 [ true,
verbose unbuild express@2.5.8   '/mnt/ws/users/$sn/sniperumm/158992/node_modules',
verbose unbuild express@2.5.8   '/mnt/ws/users/$sn/sniperumm/158992/node_modules' ]
verbose binRoot [ '/mnt/ws/users/$sn/sniperumm/158992/node_modules/.bin',
verbose binRoot   { express: './bin/express' } ]
info postuninstall express@2.5.8
silly tar exit 0
silly asyncMap in gTP /mnt/ws/users/$sn/sniperumm/158992/node_modules/express/node_modules/___mkdirp.npm/package
silly asyncMap in gTP /mnt/ws/users/$sn/sniperumm/158992/node_modules/express/node_modules/___mkdirp.npm/package/test
silly asyncMap in gTP /mnt/ws/users/$sn/sniperumm/158992/node_modules/express/node_modules/___mkdirp.npm/package/test/perm.js
silly asyncMap in gTP /mnt/ws/users/$sn/sniperumm/158992/node_modules/express/node_modules/___mkdirp.npm/package/test/umask_sync.js
silly asyncMap in gTP /mnt/ws/users/$sn/sniperumm/158992/node_modules/express/node_modules/___mkdirp.npm/package/test/perm_sync.js
silly asyncMap in gTP /mnt/ws/users/$sn/sniperumm/158992/node_modules/express/node_modules/___mkdirp.npm/package/test/race.js
silly asyncMap in gTP /mnt/ws/users/$sn/sniperumm/158992/node_modules/express/node_modules/___mkdirp.npm/package/test/rel.js
silly asyncMap in gTP /mnt/ws/users/$sn/sniperumm/158992/node_modules/express/node_modules/___mkdirp.npm/package/test/mkdirp.js
silly asyncMap in gTP /mnt/ws/users/$sn/sniperumm/158992/node_modules/express/node_modules/___mkdirp.npm/package/test/clobber.js
silly asyncMap in gTP /mnt/ws/users/$sn/sniperumm/158992/node_modules/express/node_modules/___mkdirp.npm/package/test/umask.js
silly asyncMap in gTP /mnt/ws/users/$sn/sniperumm/158992/node_modules/express/node_modules/___mkdirp.npm/package/test/sync.js
silly asyncMap in gTP /mnt/ws/users/$sn/sniperumm/158992/node_modules/express/node_modules/___mkdirp.npm/package/test/chmod.js
silly asyncMap in gTP /mnt/ws/users/$sn/sniperumm/158992/node_modules/express/node_modules/___mkdirp.npm/package/examples
silly asyncMap in gTP /mnt/ws/users/$sn/sniperumm/158992/node_modules/express/node_modules/___mkdirp.npm/package/examples/pow.js.rej
silly asyncMap in gTP /mnt/ws/users/$sn/sniperumm/158992/node_modules/express/node_modules/___mkdirp.npm/package/examples/pow.js
silly asyncMap in gTP /mnt/ws/users/$sn/sniperumm/158992/node_modules/express/node_modules/___mkdirp.npm/package/examples/pow.js.orig
silly tar out package/lib/middleware/logger.js
ERR! error installing mkdirp@0.3.0 Error: ENOENT, no such file or directory '/mnt/ws/users/$sn/sniperumm/158992/node_modules/express/node_modules/___mkdirp.npm/package/examples/pow.js.rej'
info unbuild /mnt/ws/users/$sn/sniperumm/158992/node_modules/express/node_modules/mkdirp
verbose installOne cb mkdirp@0.3.0
silly tar out package/lib/middleware/methodOverride.js
silly asyncMap in gTP /mnt/ws/users/$sn/sniperumm/158992/node_modules/express/node_modules/___qs.npm/package
silly asyncMap in gTP /mnt/ws/users/$sn/sniperumm/158992/node_modules/express/node_modules/___qs.npm/package/lib
silly asyncMap in gTP /mnt/ws/users/$sn/sniperumm/158992/node_modules/express/node_modules/___qs.npm/package/lib/querystring.js
silly asyncMap in gTP /mnt/ws/users/$sn/sniperumm/158992/node_modules/express/node_modules/___qs.npm/package/test
silly asyncMap in gTP /mnt/ws/users/$sn/sniperumm/158992/node_modules/express/node_modules/___qs.npm/package/test/mocha.opts
silly asyncMap in gTP /mnt/ws/users/$sn/sniperumm/158992/node_modules/express/node_modules/___qs.npm/package/test/parse.js
silly asyncMap in gTP /mnt/ws/users/$sn/sniperumm/158992/node_modules/express/node_modules/___qs.npm/package/test/stringify.js
silly tar out package/lib/middleware/profiler.js
silly tar out package/lib/middleware/query.js
silly tar out package/lib/middleware/responseTime.js
ERR! error installing qs@0.4.2 Error: ENOENT, no such file or directory '/mnt/ws/users/$sn/sniperumm/158992/node_modules/express/node_modules/___qs.npm/package/lib/querystring.js'
info unbuild /mnt/ws/users/$sn/sniperumm/158992/node_modules/express/node_modules/qs
silly tar out package/lib/middleware/router.js
silly tar out package/lib/middleware/session.js
silly tar out package/lib/middleware/static.js
silly tar out package/lib/middleware/staticCache.js
silly tar out package/lib/middleware/vhost.js
verbose installOne cb qs@0.4.2
silly tar out package/lib/middleware/session/cookie.js
silly tar out package/lib/middleware/session/memory.js
ERR! error rolling back express@2.5.8 Error: EEXIST, file already exists '/mnt/ws/users/$sn/sniperumm/158992/node_modules/express/node_modules/___connect.npm/package/lib/middleware'
verbose installOne cb express@2.5.8
ERR! Error: ENOENT, no such file or directory '/mnt/ws/users/$sn/sniperumm/158992/node_modules/express/node_modules/mime/package.json'
ERR! Report this *entire* log at:
ERR!     <http://github.com/isaacs/npm/issues>
ERR! or email it to:
ERR!     <npm-@googlegroups.com>
ERR! 
ERR! System SunOS 5.11
ERR! command "/home/cloud9/c9/support/node-c9-builds/bin/node-sunos-v0.6.8-security" "/mnt/ws/users/$sn/sniperumm/npm/bin/npm-cli.js" "install" "express"
ERR! cwd /mnt/ws/users/$sn/sniperumm/158992
ERR! node -v v0.6.8
ERR! npm -v 1.0.106
ERR! path /mnt/ws/users/$sn/sniperumm/158992/node_modules/express/node_modules/mime/package.json
ERR! code ENOENT
verbose exit [ 1, true ]
